Bruinbase> LOAD test FROM test9.del WITH INDEX
Write to slot: (pid,sid)=(0,0)  RecordFile::RECORDS_PER_PAGE=8

************* Insert key:3 into Tree , RecordId={pid:0, sid:0} ******
initializeRoot keys[0x11]:0x3 pids[0x41]
WARNING:pid[-1] != p[1]
WARNING:pid[-1] != p[2]
WARNING:pid[-1] != p[3]
insert pid:3 : key:3 -> keys[0]
pid:3 n:1 Max_n:9 t:5 nextPage:-1 minKey:3 maxKey:3
position:0		key:3		rid:{0,0}

Write to slot: (pid,sid)=(0,1)  RecordFile::RECORDS_PER_PAGE=8

************* Insert key:778 into Tree , RecordId={pid:0, sid:1} ******
insert to non leaf node pid:1 : key:778
pid:1 n:1 Max_n:12 t:6 minKey:3 maxKey:3
position:0	pid:2
position:0		key:3
position:1	pid:3

i:1

Read Leaf Node page:
pid:3 n:1 Max_n:9 t:5 nextPage:-1 minKey:3 maxKey:3
position:0		key:3		rid:{0,0}

insert pid:3 : key:778 -> keys[1]
pid:3 n:2 Max_n:9 t:5 nextPage:-1 minKey:3 maxKey:778
position:0		key:3		rid:{0,0}
position:1		key:778		rid:{0,1}


**************** Insert Key End *************************

Write to slot: (pid,sid)=(0,2)  RecordFile::RECORDS_PER_PAGE=8

************* Insert key:520 into Tree , RecordId={pid:0, sid:2} ******
insert to non leaf node pid:1 : key:520
pid:1 n:1 Max_n:12 t:6 minKey:3 maxKey:778
position:0	pid:2
position:0		key:3
position:1	pid:3

i:1

Read Leaf Node page:
pid:3 n:2 Max_n:9 t:5 nextPage:-1 minKey:3 maxKey:778
position:0		key:3		rid:{0,0}
position:1		key:778		rid:{0,1}

insert pid:3 : key:520 -> keys[1]
pid:3 n:3 Max_n:9 t:5 nextPage:-1 minKey:3 maxKey:778
position:0		key:3		rid:{0,0}
position:1		key:520		rid:{0,2}
position:2		key:778		rid:{0,1}


**************** Insert Key End *************************

Write to slot: (pid,sid)=(0,3)  RecordFile::RECORDS_PER_PAGE=8

************* Insert key:722 into Tree , RecordId={pid:0, sid:3} ******
insert to non leaf node pid:1 : key:722
pid:1 n:1 Max_n:12 t:6 minKey:3 maxKey:778
position:0	pid:2
position:0		key:3
position:1	pid:3

i:1

Read Leaf Node page:
pid:3 n:3 Max_n:9 t:5 nextPage:-1 minKey:3 maxKey:778
position:0		key:3		rid:{0,0}
position:1		key:520		rid:{0,2}
position:2		key:778		rid:{0,1}

insert pid:3 : key:722 -> keys[2]
pid:3 n:4 Max_n:9 t:5 nextPage:-1 minKey:3 maxKey:778
position:0		key:3		rid:{0,0}
position:1		key:520		rid:{0,2}
position:2		key:722		rid:{0,3}
position:3		key:778		rid:{0,1}


**************** Insert Key End *************************

Write to slot: (pid,sid)=(0,4)  RecordFile::RECORDS_PER_PAGE=8

************* Insert key:185 into Tree , RecordId={pid:0, sid:4} ******
insert to non leaf node pid:1 : key:185
pid:1 n:1 Max_n:12 t:6 minKey:3 maxKey:778
position:0	pid:2
position:0		key:3
position:1	pid:3

i:1

Read Leaf Node page:
pid:3 n:4 Max_n:9 t:5 nextPage:-1 minKey:3 maxKey:778
position:0		key:3		rid:{0,0}
position:1		key:520		rid:{0,2}
position:2		key:722		rid:{0,3}
position:3		key:778		rid:{0,1}

insert pid:3 : key:185 -> keys[1]
pid:3 n:5 Max_n:9 t:5 nextPage:-1 minKey:3 maxKey:778
position:0		key:3		rid:{0,0}
position:1		key:185		rid:{0,4}
position:2		key:520		rid:{0,2}
position:3		key:722		rid:{0,3}
position:4		key:778		rid:{0,1}


**************** Insert Key End *************************

Write to slot: (pid,sid)=(0,5)  RecordFile::RECORDS_PER_PAGE=8

************* Insert key:809 into Tree , RecordId={pid:0, sid:5} ******
insert to non leaf node pid:1 : key:809
pid:1 n:1 Max_n:12 t:6 minKey:3 maxKey:778
position:0	pid:2
position:0		key:3
position:1	pid:3

i:1

Read Leaf Node page:
pid:3 n:5 Max_n:9 t:5 nextPage:-1 minKey:3 maxKey:778
position:0		key:3		rid:{0,0}
position:1		key:185		rid:{0,4}
position:2		key:520		rid:{0,2}
position:3		key:722		rid:{0,3}
position:4		key:778		rid:{0,1}

insert pid:3 : key:809 -> keys[5]
pid:3 n:6 Max_n:9 t:5 nextPage:-1 minKey:3 maxKey:809
position:0		key:3		rid:{0,0}
position:1		key:185		rid:{0,4}
position:2		key:520		rid:{0,2}
position:3		key:722		rid:{0,3}
position:4		key:778		rid:{0,1}
position:5		key:809		rid:{0,5}


**************** Insert Key End *************************

Write to slot: (pid,sid)=(0,6)  RecordFile::RECORDS_PER_PAGE=8

************* Insert key:361 into Tree , RecordId={pid:0, sid:6} ******
insert to non leaf node pid:1 : key:361
pid:1 n:1 Max_n:12 t:6 minKey:3 maxKey:809
position:0	pid:2
position:0		key:3
position:1	pid:3

i:1

Read Leaf Node page:
pid:3 n:6 Max_n:9 t:5 nextPage:-1 minKey:3 maxKey:809
position:0		key:3		rid:{0,0}
position:1		key:185		rid:{0,4}
position:2		key:520		rid:{0,2}
position:3		key:722		rid:{0,3}
position:4		key:778		rid:{0,1}
position:5		key:809		rid:{0,5}

insert pid:3 : key:361 -> keys[2]
pid:3 n:7 Max_n:9 t:5 nextPage:-1 minKey:3 maxKey:809
position:0		key:3		rid:{0,0}
position:1		key:185		rid:{0,4}
position:2		key:361		rid:{0,6}
position:3		key:520		rid:{0,2}
position:4		key:722		rid:{0,3}
position:5		key:778		rid:{0,1}
position:6		key:809		rid:{0,5}


**************** Insert Key End *************************

Write to slot: (pid,sid)=(0,7)  RecordFile::RECORDS_PER_PAGE=8

************* Insert key:279 into Tree , RecordId={pid:0, sid:7} ******
insert to non leaf node pid:1 : key:279
pid:1 n:1 Max_n:12 t:6 minKey:3 maxKey:809
position:0	pid:2
position:0		key:3
position:1	pid:3

i:1

Read Leaf Node page:
pid:3 n:7 Max_n:9 t:5 nextPage:-1 minKey:3 maxKey:809
position:0		key:3		rid:{0,0}
position:1		key:185		rid:{0,4}
position:2		key:361		rid:{0,6}
position:3		key:520		rid:{0,2}
position:4		key:722		rid:{0,3}
position:5		key:778		rid:{0,1}
position:6		key:809		rid:{0,5}

insert pid:3 : key:279 -> keys[2]
pid:3 n:8 Max_n:9 t:5 nextPage:-1 minKey:3 maxKey:809
position:0		key:3		rid:{0,0}
position:1		key:185		rid:{0,4}
position:2		key:279		rid:{0,7}
position:3		key:361		rid:{0,6}
position:4		key:520		rid:{0,2}
position:5		key:722		rid:{0,3}
position:6		key:778		rid:{0,1}
position:7		key:809		rid:{0,5}


**************** Insert Key End *************************

Write to slot: (pid,sid)=(1,0)  RecordFile::RECORDS_PER_PAGE=8

************* Insert key:239 into Tree , RecordId={pid:1, sid:0} ******
insert to non leaf node pid:1 : key:239
pid:1 n:1 Max_n:12 t:6 minKey:3 maxKey:809
position:0	pid:2
position:0		key:3
position:1	pid:3

i:1

Read Leaf Node page:
pid:3 n:8 Max_n:9 t:5 nextPage:-1 minKey:3 maxKey:809
position:0		key:3		rid:{0,0}
position:1		key:185		rid:{0,4}
position:2		key:279		rid:{0,7}
position:3		key:361		rid:{0,6}
position:4		key:520		rid:{0,2}
position:5		key:722		rid:{0,3}
position:6		key:778		rid:{0,1}
position:7		key:809		rid:{0,5}

insert pid:3 : key:239 -> keys[2]
pid:3 n:9 Max_n:9 t:5 nextPage:-1 minKey:3 maxKey:809
position:0		key:3		rid:{0,0}
position:1		key:185		rid:{0,4}
position:2		key:239		rid:{1,0}
position:3		key:279		rid:{0,7}
position:4		key:361		rid:{0,6}
position:5		key:520		rid:{0,2}
position:6		key:722		rid:{0,3}
position:7		key:778		rid:{0,1}
position:8		key:809		rid:{0,5}


**************** Insert Key End *************************

Write to slot: (pid,sid)=(1,1)  RecordFile::RECORDS_PER_PAGE=8

************* Insert key:689 into Tree , RecordId={pid:1, sid:1} ******
insert to non leaf node pid:1 : key:689
pid:1 n:1 Max_n:12 t:6 minKey:3 maxKey:809
position:0	pid:2
position:0		key:3
position:1	pid:3

i:1

Read Leaf Node page:
pid:3 n:9 Max_n:9 t:5 nextPage:-1 minKey:3 maxKey:809
position:0		key:3		rid:{0,0}
position:1		key:185		rid:{0,4}
position:2		key:239		rid:{1,0}
position:3		key:279		rid:{0,7}
position:4		key:361		rid:{0,6}
position:5		key:520		rid:{0,2}
position:6		key:722		rid:{0,3}
position:7		key:778		rid:{0,1}
position:8		key:809		rid:{0,5}

Split Child pid:3  newPid:4
pid:1 n:2 Max_n:12 t:6 minKey:3 maxKey:809
position:0	pid:2
position:0		key:3
position:1	pid:3
position:1		key:361
position:2	pid:4

pid:3 n:4 Max_n:9 t:5 nextPage:4 minKey:3 maxKey:279
position:0		key:3		rid:{0,0}
position:1		key:185		rid:{0,4}
position:2		key:239		rid:{1,0}
position:3		key:279		rid:{0,7}

pid:4 n:5 Max_n:9 t:5 nextPage:-1 minKey:361 maxKey:809
position:0		key:361		rid:{0,6}
position:1		key:520		rid:{0,2}
position:2		key:722		rid:{0,3}
position:3		key:778		rid:{0,1}
position:4		key:809		rid:{0,5}

insert pid:4 : key:689 -> keys[2]
pid:4 n:6 Max_n:9 t:5 nextPage:-1 minKey:361 maxKey:809
position:0		key:361		rid:{0,6}
position:1		key:520		rid:{0,2}
position:2		key:689		rid:{1,1}
position:3		key:722		rid:{0,3}
position:4		key:778		rid:{0,1}
position:5		key:809		rid:{0,5}


**************** Insert Key End *************************

Write to slot: (pid,sid)=(1,2)  RecordFile::RECORDS_PER_PAGE=8

************* Insert key:422 into Tree , RecordId={pid:1, sid:2} ******
insert to non leaf node pid:1 : key:422
pid:1 n:2 Max_n:12 t:6 minKey:3 maxKey:809
position:0	pid:2
position:0		key:3
position:1	pid:3
position:1		key:361
position:2	pid:4

i:2

Read Leaf Node page:
pid:4 n:6 Max_n:9 t:5 nextPage:-1 minKey:361 maxKey:809
position:0		key:361		rid:{0,6}
position:1		key:520		rid:{0,2}
position:2		key:689		rid:{1,1}
position:3		key:722		rid:{0,3}
position:4		key:778		rid:{0,1}
position:5		key:809		rid:{0,5}

insert pid:4 : key:422 -> keys[1]
pid:4 n:7 Max_n:9 t:5 nextPage:-1 minKey:361 maxKey:809
position:0		key:361		rid:{0,6}
position:1		key:422		rid:{1,2}
position:2		key:520		rid:{0,2}
position:3		key:689		rid:{1,1}
position:4		key:722		rid:{0,3}
position:5		key:778		rid:{0,1}
position:6		key:809		rid:{0,5}


**************** Insert Key End *************************

Write to slot: (pid,sid)=(1,3)  RecordFile::RECORDS_PER_PAGE=8

************* Insert key:718 into Tree , RecordId={pid:1, sid:3} ******
insert to non leaf node pid:1 : key:718
pid:1 n:2 Max_n:12 t:6 minKey:3 maxKey:809
position:0	pid:2
position:0		key:3
position:1	pid:3
position:1		key:361
position:2	pid:4

i:2

Read Leaf Node page:
pid:4 n:7 Max_n:9 t:5 nextPage:-1 minKey:361 maxKey:809
position:0		key:361		rid:{0,6}
position:1		key:422		rid:{1,2}
position:2		key:520		rid:{0,2}
position:3		key:689		rid:{1,1}
position:4		key:722		rid:{0,3}
position:5		key:778		rid:{0,1}
position:6		key:809		rid:{0,5}

insert pid:4 : key:718 -> keys[4]
pid:4 n:8 Max_n:9 t:5 nextPage:-1 minKey:361 maxKey:809
position:0		key:361		rid:{0,6}
position:1		key:422		rid:{1,2}
position:2		key:520		rid:{0,2}
position:3		key:689		rid:{1,1}
position:4		key:718		rid:{1,3}
position:5		key:722		rid:{0,3}
position:6		key:778		rid:{0,1}
position:7		key:809		rid:{0,5}


**************** Insert Key End *************************

Write to slot: (pid,sid)=(1,4)  RecordFile::RECORDS_PER_PAGE=8

************* Insert key:464 into Tree , RecordId={pid:1, sid:4} ******
insert to non leaf node pid:1 : key:464
pid:1 n:2 Max_n:12 t:6 minKey:3 maxKey:809
position:0	pid:2
position:0		key:3
position:1	pid:3
position:1		key:361
position:2	pid:4

i:2

Read Leaf Node page:
pid:4 n:8 Max_n:9 t:5 nextPage:-1 minKey:361 maxKey:809
position:0		key:361		rid:{0,6}
position:1		key:422		rid:{1,2}
position:2		key:520		rid:{0,2}
position:3		key:689		rid:{1,1}
position:4		key:718		rid:{1,3}
position:5		key:722		rid:{0,3}
position:6		key:778		rid:{0,1}
position:7		key:809		rid:{0,5}

insert pid:4 : key:464 -> keys[2]
pid:4 n:9 Max_n:9 t:5 nextPage:-1 minKey:361 maxKey:809
position:0		key:361		rid:{0,6}
position:1		key:422		rid:{1,2}
position:2		key:464		rid:{1,4}
position:3		key:520		rid:{0,2}
position:4		key:689		rid:{1,1}
position:5		key:718		rid:{1,3}
position:6		key:722		rid:{0,3}
position:7		key:778		rid:{0,1}
position:8		key:809		rid:{0,5}


**************** Insert Key End *************************

Write to slot: (pid,sid)=(1,5)  RecordFile::RECORDS_PER_PAGE=8

************* Insert key:377 into Tree , RecordId={pid:1, sid:5} ******
insert to non leaf node pid:1 : key:377
pid:1 n:2 Max_n:12 t:6 minKey:3 maxKey:809
position:0	pid:2
position:0		key:3
position:1	pid:3
position:1		key:361
position:2	pid:4

i:2

Read Leaf Node page:
pid:4 n:9 Max_n:9 t:5 nextPage:-1 minKey:361 maxKey:809
position:0		key:361		rid:{0,6}
position:1		key:422		rid:{1,2}
position:2		key:464		rid:{1,4}
position:3		key:520		rid:{0,2}
position:4		key:689		rid:{1,1}
position:5		key:718		rid:{1,3}
position:6		key:722		rid:{0,3}
position:7		key:778		rid:{0,1}
position:8		key:809		rid:{0,5}

Split Child pid:4  newPid:5
pid:1 n:3 Max_n:12 t:6 minKey:3 maxKey:809
position:0	pid:2
position:0		key:3
position:1	pid:3
position:1		key:361
position:2	pid:4
position:2		key:689
position:3	pid:5

pid:4 n:4 Max_n:9 t:5 nextPage:5 minKey:361 maxKey:520
position:0		key:361		rid:{0,6}
position:1		key:422		rid:{1,2}
position:2		key:464		rid:{1,4}
position:3		key:520		rid:{0,2}

pid:5 n:5 Max_n:9 t:5 nextPage:-1 minKey:689 maxKey:809
position:0		key:689		rid:{1,1}
position:1		key:718		rid:{1,3}
position:2		key:722		rid:{0,3}
position:3		key:778		rid:{0,1}
position:4		key:809		rid:{0,5}

insert pid:4 : key:377 -> keys[1]
pid:4 n:5 Max_n:9 t:5 nextPage:5 minKey:361 maxKey:520
position:0		key:361		rid:{0,6}
position:1		key:377		rid:{1,5}
position:2		key:422		rid:{1,2}
position:3		key:464		rid:{1,4}
position:4		key:520		rid:{0,2}


**************** Insert Key End *************************

Write to slot: (pid,sid)=(1,6)  RecordFile::RECORDS_PER_PAGE=8

************* Insert key:68 into Tree , RecordId={pid:1, sid:6} ******
insert to non leaf node pid:1 : key:68
pid:1 n:3 Max_n:12 t:6 minKey:3 maxKey:809
position:0	pid:2
position:0		key:3
position:1	pid:3
position:1		key:361
position:2	pid:4
position:2		key:689
position:3	pid:5

i:1

Read Leaf Node page:
pid:3 n:4 Max_n:9 t:5 nextPage:4 minKey:3 maxKey:279
position:0		key:3		rid:{0,0}
position:1		key:185		rid:{0,4}
position:2		key:239		rid:{1,0}
position:3		key:279		rid:{0,7}

insert pid:3 : key:68 -> keys[1]
pid:3 n:5 Max_n:9 t:5 nextPage:4 minKey:3 maxKey:279
position:0		key:3		rid:{0,0}
position:1		key:68		rid:{1,6}
position:2		key:185		rid:{0,4}
position:3		key:239		rid:{1,0}
position:4		key:279		rid:{0,7}


**************** Insert Key End *************************

Write to slot: (pid,sid)=(1,7)  RecordFile::RECORDS_PER_PAGE=8

************* Insert key:64 into Tree , RecordId={pid:1, sid:7} ******
insert to non leaf node pid:1 : key:64
pid:1 n:3 Max_n:12 t:6 minKey:3 maxKey:809
position:0	pid:2
position:0		key:3
position:1	pid:3
position:1		key:361
position:2	pid:4
position:2		key:689
position:3	pid:5

i:1

Read Leaf Node page:
pid:3 n:5 Max_n:9 t:5 nextPage:4 minKey:3 maxKey:279
position:0		key:3		rid:{0,0}
position:1		key:68		rid:{1,6}
position:2		key:185		rid:{0,4}
position:3		key:239		rid:{1,0}
position:4		key:279		rid:{0,7}

insert pid:3 : key:64 -> keys[1]
pid:3 n:6 Max_n:9 t:5 nextPage:4 minKey:3 maxKey:279
position:0		key:3		rid:{0,0}
position:1		key:64		rid:{1,7}
position:2		key:68		rid:{1,6}
position:3		key:185		rid:{0,4}
position:4		key:239		rid:{1,0}
position:5		key:279		rid:{0,7}


**************** Insert Key End *************************

Write to slot: (pid,sid)=(2,0)  RecordFile::RECORDS_PER_PAGE=8

************* Insert key:268 into Tree , RecordId={pid:2, sid:0} ******
insert to non leaf node pid:1 : key:268
pid:1 n:3 Max_n:12 t:6 minKey:3 maxKey:809
position:0	pid:2
position:0		key:3
position:1	pid:3
position:1		key:361
position:2	pid:4
position:2		key:689
position:3	pid:5

i:1

Read Leaf Node page:
pid:3 n:6 Max_n:9 t:5 nextPage:4 minKey:3 maxKey:279
position:0		key:3		rid:{0,0}
position:1		key:64		rid:{1,7}
position:2		key:68		rid:{1,6}
position:3		key:185		rid:{0,4}
position:4		key:239		rid:{1,0}
position:5		key:279		rid:{0,7}

insert pid:3 : key:268 -> keys[5]
pid:3 n:7 Max_n:9 t:5 nextPage:4 minKey:3 maxKey:279
position:0		key:3		rid:{0,0}
position:1		key:64		rid:{1,7}
position:2		key:68		rid:{1,6}
position:3		key:185		rid:{0,4}
position:4		key:239		rid:{1,0}
position:5		key:268		rid:{2,0}
position:6		key:279		rid:{0,7}


**************** Insert Key End *************************

Write to slot: (pid,sid)=(2,1)  RecordFile::RECORDS_PER_PAGE=8

************* Insert key:455 into Tree , RecordId={pid:2, sid:1} ******
insert to non leaf node pid:1 : key:455
pid:1 n:3 Max_n:12 t:6 minKey:3 maxKey:809
position:0	pid:2
position:0		key:3
position:1	pid:3
position:1		key:361
position:2	pid:4
position:2		key:689
position:3	pid:5

i:2

Read Leaf Node page:
pid:4 n:5 Max_n:9 t:5 nextPage:5 minKey:361 maxKey:520
position:0		key:361		rid:{0,6}
position:1		key:377		rid:{1,5}
position:2		key:422		rid:{1,2}
position:3		key:464		rid:{1,4}
position:4		key:520		rid:{0,2}

insert pid:4 : key:455 -> keys[3]
pid:4 n:6 Max_n:9 t:5 nextPage:5 minKey:361 maxKey:520
position:0		key:361		rid:{0,6}
position:1		key:377		rid:{1,5}
position:2		key:422		rid:{1,2}
position:3		key:455		rid:{2,1}
position:4		key:464		rid:{1,4}
position:5		key:520		rid:{0,2}


**************** Insert Key End *************************

Write to slot: (pid,sid)=(2,2)  RecordFile::RECORDS_PER_PAGE=8

************* Insert key:47 into Tree , RecordId={pid:2, sid:2} ******
insert to non leaf node pid:1 : key:47
pid:1 n:3 Max_n:12 t:6 minKey:3 maxKey:809
position:0	pid:2
position:0		key:3
position:1	pid:3
position:1		key:361
position:2	pid:4
position:2		key:689
position:3	pid:5

i:1

Read Leaf Node page:
pid:3 n:7 Max_n:9 t:5 nextPage:4 minKey:3 maxKey:279
position:0		key:3		rid:{0,0}
position:1		key:64		rid:{1,7}
position:2		key:68		rid:{1,6}
position:3		key:185		rid:{0,4}
position:4		key:239		rid:{1,0}
position:5		key:268		rid:{2,0}
position:6		key:279		rid:{0,7}

insert pid:3 : key:47 -> keys[1]
pid:3 n:8 Max_n:9 t:5 nextPage:4 minKey:3 maxKey:279
position:0		key:3		rid:{0,0}
position:1		key:47		rid:{2,2}
position:2		key:64		rid:{1,7}
position:3		key:68		rid:{1,6}
position:4		key:185		rid:{0,4}
position:5		key:239		rid:{1,0}
position:6		key:268		rid:{2,0}
position:7		key:279		rid:{0,7}


**************** Insert Key End *************************

Write to slot: (pid,sid)=(2,3)  RecordFile::RECORDS_PER_PAGE=8

************* Insert key:558 into Tree , RecordId={pid:2, sid:3} ******
insert to non leaf node pid:1 : key:558
pid:1 n:3 Max_n:12 t:6 minKey:3 maxKey:809
position:0	pid:2
position:0		key:3
position:1	pid:3
position:1		key:361
position:2	pid:4
position:2		key:689
position:3	pid:5

i:2

Read Leaf Node page:
pid:4 n:6 Max_n:9 t:5 nextPage:5 minKey:361 maxKey:520
position:0		key:361		rid:{0,6}
position:1		key:377		rid:{1,5}
position:2		key:422		rid:{1,2}
position:3		key:455		rid:{2,1}
position:4		key:464		rid:{1,4}
position:5		key:520		rid:{0,2}

insert pid:4 : key:558 -> keys[6]
pid:4 n:7 Max_n:9 t:5 nextPage:5 minKey:361 maxKey:558
position:0		key:361		rid:{0,6}
position:1		key:377		rid:{1,5}
position:2		key:422		rid:{1,2}
position:3		key:455		rid:{2,1}
position:4		key:464		rid:{1,4}
position:5		key:520		rid:{0,2}
position:6		key:558		rid:{2,3}


**************** Insert Key End *************************

Write to slot: (pid,sid)=(2,4)  RecordFile::RECORDS_PER_PAGE=8

************* Insert key:768 into Tree , RecordId={pid:2, sid:4} ******
insert to non leaf node pid:1 : key:768
pid:1 n:3 Max_n:12 t:6 minKey:3 maxKey:809
position:0	pid:2
position:0		key:3
position:1	pid:3
position:1		key:361
position:2	pid:4
position:2		key:689
position:3	pid:5

i:3

Read Leaf Node page:
pid:5 n:5 Max_n:9 t:5 nextPage:-1 minKey:689 maxKey:809
position:0		key:689		rid:{1,1}
position:1		key:718		rid:{1,3}
position:2		key:722		rid:{0,3}
position:3		key:778		rid:{0,1}
position:4		key:809		rid:{0,5}

insert pid:5 : key:768 -> keys[3]
pid:5 n:6 Max_n:9 t:5 nextPage:-1 minKey:689 maxKey:809
position:0		key:689		rid:{1,1}
position:1		key:718		rid:{1,3}
position:2		key:722		rid:{0,3}
position:3		key:768		rid:{2,4}
position:4		key:778		rid:{0,1}
position:5		key:809		rid:{0,5}


**************** Insert Key End *************************

Write to slot: (pid,sid)=(2,5)  RecordFile::RECORDS_PER_PAGE=8

************* Insert key:771 into Tree , RecordId={pid:2, sid:5} ******
insert to non leaf node pid:1 : key:771
pid:1 n:3 Max_n:12 t:6 minKey:3 maxKey:809
position:0	pid:2
position:0		key:3
position:1	pid:3
position:1		key:361
position:2	pid:4
position:2		key:689
position:3	pid:5

i:3

Read Leaf Node page:
pid:5 n:6 Max_n:9 t:5 nextPage:-1 minKey:689 maxKey:809
position:0		key:689		rid:{1,1}
position:1		key:718		rid:{1,3}
position:2		key:722		rid:{0,3}
position:3		key:768		rid:{2,4}
position:4		key:778		rid:{0,1}
position:5		key:809		rid:{0,5}

insert pid:5 : key:771 -> keys[4]
pid:5 n:7 Max_n:9 t:5 nextPage:-1 minKey:689 maxKey:809
position:0		key:689		rid:{1,1}
position:1		key:718		rid:{1,3}
position:2		key:722		rid:{0,3}
position:3		key:768		rid:{2,4}
position:4		key:771		rid:{2,5}
position:5		key:778		rid:{0,1}
position:6		key:809		rid:{0,5}


**************** Insert Key End *************************

Write to slot: (pid,sid)=(2,6)  RecordFile::RECORDS_PER_PAGE=8

************* Insert key:724 into Tree , RecordId={pid:2, sid:6} ******
insert to non leaf node pid:1 : key:724
pid:1 n:3 Max_n:12 t:6 minKey:3 maxKey:809
position:0	pid:2
position:0		key:3
position:1	pid:3
position:1		key:361
position:2	pid:4
position:2		key:689
position:3	pid:5

i:3

Read Leaf Node page:
pid:5 n:7 Max_n:9 t:5 nextPage:-1 minKey:689 maxKey:809
position:0		key:689		rid:{1,1}
position:1		key:718		rid:{1,3}
position:2		key:722		rid:{0,3}
position:3		key:768		rid:{2,4}
position:4		key:771		rid:{2,5}
position:5		key:778		rid:{0,1}
position:6		key:809		rid:{0,5}

insert pid:5 : key:724 -> keys[3]
pid:5 n:8 Max_n:9 t:5 nextPage:-1 minKey:689 maxKey:809
position:0		key:689		rid:{1,1}
position:1		key:718		rid:{1,3}
position:2		key:722		rid:{0,3}
position:3		key:724		rid:{2,6}
position:4		key:768		rid:{2,4}
position:5		key:771		rid:{2,5}
position:6		key:778		rid:{0,1}
position:7		key:809		rid:{0,5}


**************** Insert Key End *************************

Write to slot: (pid,sid)=(2,7)  RecordFile::RECORDS_PER_PAGE=8

************* Insert key:842 into Tree , RecordId={pid:2, sid:7} ******
insert to non leaf node pid:1 : key:842
pid:1 n:3 Max_n:12 t:6 minKey:3 maxKey:809
position:0	pid:2
position:0		key:3
position:1	pid:3
position:1		key:361
position:2	pid:4
position:2		key:689
position:3	pid:5

i:3

Read Leaf Node page:
pid:5 n:8 Max_n:9 t:5 nextPage:-1 minKey:689 maxKey:809
position:0		key:689		rid:{1,1}
position:1		key:718		rid:{1,3}
position:2		key:722		rid:{0,3}
position:3		key:724		rid:{2,6}
position:4		key:768		rid:{2,4}
position:5		key:771		rid:{2,5}
position:6		key:778		rid:{0,1}
position:7		key:809		rid:{0,5}

insert pid:5 : key:842 -> keys[8]
pid:5 n:9 Max_n:9 t:5 nextPage:-1 minKey:689 maxKey:842
position:0		key:689		rid:{1,1}
position:1		key:718		rid:{1,3}
position:2		key:722		rid:{0,3}
position:3		key:724		rid:{2,6}
position:4		key:768		rid:{2,4}
position:5		key:771		rid:{2,5}
position:6		key:778		rid:{0,1}
position:7		key:809		rid:{0,5}
position:8		key:842		rid:{2,7}


**************** Insert Key End *************************

Write to slot: (pid,sid)=(3,0)  RecordFile::RECORDS_PER_PAGE=8

************* Insert key:87 into Tree , RecordId={pid:3, sid:0} ******
insert to non leaf node pid:1 : key:87
pid:1 n:3 Max_n:12 t:6 minKey:3 maxKey:842
position:0	pid:2
position:0		key:3
position:1	pid:3
position:1		key:361
position:2	pid:4
position:2		key:689
position:3	pid:5

i:1

Read Leaf Node page:
pid:3 n:8 Max_n:9 t:5 nextPage:4 minKey:3 maxKey:279
position:0		key:3		rid:{0,0}
position:1		key:47		rid:{2,2}
position:2		key:64		rid:{1,7}
position:3		key:68		rid:{1,6}
position:4		key:185		rid:{0,4}
position:5		key:239		rid:{1,0}
position:6		key:268		rid:{2,0}
position:7		key:279		rid:{0,7}

insert pid:3 : key:87 -> keys[4]
pid:3 n:9 Max_n:9 t:5 nextPage:4 minKey:3 maxKey:279
position:0		key:3		rid:{0,0}
position:1		key:47		rid:{2,2}
position:2		key:64		rid:{1,7}
position:3		key:68		rid:{1,6}
position:4		key:87		rid:{3,0}
position:5		key:185		rid:{0,4}
position:6		key:239		rid:{1,0}
position:7		key:268		rid:{2,0}
position:8		key:279		rid:{0,7}


**************** Insert Key End *************************

Write to slot: (pid,sid)=(3,1)  RecordFile::RECORDS_PER_PAGE=8

************* Insert key:976 into Tree , RecordId={pid:3, sid:1} ******
insert to non leaf node pid:1 : key:976
pid:1 n:3 Max_n:12 t:6 minKey:3 maxKey:842
position:0	pid:2
position:0		key:3
position:1	pid:3
position:1		key:361
position:2	pid:4
position:2		key:689
position:3	pid:5

i:3

Read Leaf Node page:
pid:5 n:9 Max_n:9 t:5 nextPage:-1 minKey:689 maxKey:842
position:0		key:689		rid:{1,1}
position:1		key:718		rid:{1,3}
position:2		key:722		rid:{0,3}
position:3		key:724		rid:{2,6}
position:4		key:768		rid:{2,4}
position:5		key:771		rid:{2,5}
position:6		key:778		rid:{0,1}
position:7		key:809		rid:{0,5}
position:8		key:842		rid:{2,7}

Split Child pid:5  newPid:6
pid:1 n:4 Max_n:12 t:6 minKey:3 maxKey:976
position:0	pid:2
position:0		key:3
position:1	pid:3
position:1		key:361
position:2	pid:4
position:2		key:689
position:3	pid:5
position:3		key:768
position:4	pid:6

pid:5 n:4 Max_n:9 t:5 nextPage:6 minKey:689 maxKey:724
position:0		key:689		rid:{1,1}
position:1		key:718		rid:{1,3}
position:2		key:722		rid:{0,3}
position:3		key:724		rid:{2,6}

pid:6 n:5 Max_n:9 t:5 nextPage:-1 minKey:768 maxKey:842
position:0		key:768		rid:{2,4}
position:1		key:771		rid:{2,5}
position:2		key:778		rid:{0,1}
position:3		key:809		rid:{0,5}
position:4		key:842		rid:{2,7}

insert pid:6 : key:976 -> keys[5]
pid:6 n:6 Max_n:9 t:5 nextPage:-1 minKey:768 maxKey:976
position:0		key:768		rid:{2,4}
position:1		key:771		rid:{2,5}
position:2		key:778		rid:{0,1}
position:3		key:809		rid:{0,5}
position:4		key:842		rid:{2,7}
position:5		key:976		rid:{3,1}


**************** Insert Key End *************************

Write to slot: (pid,sid)=(3,2)  RecordFile::RECORDS_PER_PAGE=8

************* Insert key:808 into Tree , RecordId={pid:3, sid:2} ******
insert to non leaf node pid:1 : key:808
pid:1 n:4 Max_n:12 t:6 minKey:3 maxKey:976
position:0	pid:2
position:0		key:3
position:1	pid:3
position:1		key:361
position:2	pid:4
position:2		key:689
position:3	pid:5
position:3		key:768
position:4	pid:6

i:4

Read Leaf Node page:
pid:6 n:6 Max_n:9 t:5 nextPage:-1 minKey:768 maxKey:976
position:0		key:768		rid:{2,4}
position:1		key:771		rid:{2,5}
position:2		key:778		rid:{0,1}
position:3		key:809		rid:{0,5}
position:4		key:842		rid:{2,7}
position:5		key:976		rid:{3,1}

insert pid:6 : key:808 -> keys[3]
pid:6 n:7 Max_n:9 t:5 nextPage:-1 minKey:768 maxKey:976
position:0		key:768		rid:{2,4}
position:1		key:771		rid:{2,5}
position:2		key:778		rid:{0,1}
position:3		key:808		rid:{3,2}
position:4		key:809		rid:{0,5}
position:5		key:842		rid:{2,7}
position:6		key:976		rid:{3,1}


**************** Insert Key End *************************

Write to slot: (pid,sid)=(3,3)  RecordFile::RECORDS_PER_PAGE=8

************* Insert key:641 into Tree , RecordId={pid:3, sid:3} ******
insert to non leaf node pid:1 : key:641
pid:1 n:4 Max_n:12 t:6 minKey:3 maxKey:976
position:0	pid:2
position:0		key:3
position:1	pid:3
position:1		key:361
position:2	pid:4
position:2		key:689
position:3	pid:5
position:3		key:768
position:4	pid:6

i:2

Read Leaf Node page:
pid:4 n:7 Max_n:9 t:5 nextPage:5 minKey:361 maxKey:558
position:0		key:361		rid:{0,6}
position:1		key:377		rid:{1,5}
position:2		key:422		rid:{1,2}
position:3		key:455		rid:{2,1}
position:4		key:464		rid:{1,4}
position:5		key:520		rid:{0,2}
position:6		key:558		rid:{2,3}

insert pid:4 : key:641 -> keys[7]
pid:4 n:8 Max_n:9 t:5 nextPage:5 minKey:361 maxKey:641
position:0		key:361		rid:{0,6}
position:1		key:377		rid:{1,5}
position:2		key:422		rid:{1,2}
position:3		key:455		rid:{2,1}
position:4		key:464		rid:{1,4}
position:5		key:520		rid:{0,2}
position:6		key:558		rid:{2,3}
position:7		key:641		rid:{3,3}


**************** Insert Key End *************************

Write to slot: (pid,sid)=(3,4)  RecordFile::RECORDS_PER_PAGE=8

************* Insert key:188 into Tree , RecordId={pid:3, sid:4} ******
insert to non leaf node pid:1 : key:188
pid:1 n:4 Max_n:12 t:6 minKey:3 maxKey:976
position:0	pid:2
position:0		key:3
position:1	pid:3
position:1		key:361
position:2	pid:4
position:2		key:689
position:3	pid:5
position:3		key:768
position:4	pid:6

i:1

Read Leaf Node page:
pid:3 n:9 Max_n:9 t:5 nextPage:4 minKey:3 maxKey:279
position:0		key:3		rid:{0,0}
position:1		key:47		rid:{2,2}
position:2		key:64		rid:{1,7}
position:3		key:68		rid:{1,6}
position:4		key:87		rid:{3,0}
position:5		key:185		rid:{0,4}
position:6		key:239		rid:{1,0}
position:7		key:268		rid:{2,0}
position:8		key:279		rid:{0,7}

Split Child pid:3  newPid:7
pid:1 n:5 Max_n:12 t:6 minKey:3 maxKey:976
position:0	pid:2
position:0		key:3
position:1	pid:3
position:1		key:87
position:2	pid:7
position:2		key:361
position:3	pid:4
position:3		key:689
position:4	pid:5
position:4		key:768
position:5	pid:6

pid:3 n:4 Max_n:9 t:5 nextPage:7 minKey:3 maxKey:68
position:0		key:3		rid:{0,0}
position:1		key:47		rid:{2,2}
position:2		key:64		rid:{1,7}
position:3		key:68		rid:{1,6}

pid:7 n:5 Max_n:9 t:5 nextPage:4 minKey:87 maxKey:279
position:0		key:87		rid:{3,0}
position:1		key:185		rid:{0,4}
position:2		key:239		rid:{1,0}
position:3		key:268		rid:{2,0}
position:4		key:279		rid:{0,7}

insert pid:7 : key:188 -> keys[2]
pid:7 n:6 Max_n:9 t:5 nextPage:4 minKey:87 maxKey:279
position:0		key:87		rid:{3,0}
position:1		key:185		rid:{0,4}
position:2		key:188		rid:{3,4}
position:3		key:239		rid:{1,0}
position:4		key:268		rid:{2,0}
position:5		key:279		rid:{0,7}


**************** Insert Key End *************************

Write to slot: (pid,sid)=(3,5)  RecordFile::RECORDS_PER_PAGE=8

************* Insert key:454 into Tree , RecordId={pid:3, sid:5} ******
insert to non leaf node pid:1 : key:454
pid:1 n:5 Max_n:12 t:6 minKey:3 maxKey:976
position:0	pid:2
position:0		key:3
position:1	pid:3
position:1		key:87
position:2	pid:7
position:2		key:361
position:3	pid:4
position:3		key:689
position:4	pid:5
position:4		key:768
position:5	pid:6

i:3

Read Leaf Node page:
pid:4 n:8 Max_n:9 t:5 nextPage:5 minKey:361 maxKey:641
position:0		key:361		rid:{0,6}
position:1		key:377		rid:{1,5}
position:2		key:422		rid:{1,2}
position:3		key:455		rid:{2,1}
position:4		key:464		rid:{1,4}
position:5		key:520		rid:{0,2}
position:6		key:558		rid:{2,3}
position:7		key:641		rid:{3,3}

insert pid:4 : key:454 -> keys[3]
pid:4 n:9 Max_n:9 t:5 nextPage:5 minKey:361 maxKey:641
position:0		key:361		rid:{0,6}
position:1		key:377		rid:{1,5}
position:2		key:422		rid:{1,2}
position:3		key:454		rid:{3,5}
position:4		key:455		rid:{2,1}
position:5		key:464		rid:{1,4}
position:6		key:520		rid:{0,2}
position:7		key:558		rid:{2,3}
position:8		key:641		rid:{3,3}


**************** Insert Key End *************************

Write to slot: (pid,sid)=(3,6)  RecordFile::RECORDS_PER_PAGE=8

************* Insert key:90 into Tree , RecordId={pid:3, sid:6} ******
insert to non leaf node pid:1 : key:90
pid:1 n:5 Max_n:12 t:6 minKey:3 maxKey:976
position:0	pid:2
position:0		key:3
position:1	pid:3
position:1		key:87
position:2	pid:7
position:2		key:361
position:3	pid:4
position:3		key:689
position:4	pid:5
position:4		key:768
position:5	pid:6

i:2

Read Leaf Node page:
pid:7 n:6 Max_n:9 t:5 nextPage:4 minKey:87 maxKey:279
position:0		key:87		rid:{3,0}
position:1		key:185		rid:{0,4}
position:2		key:188		rid:{3,4}
position:3		key:239		rid:{1,0}
position:4		key:268		rid:{2,0}
position:5		key:279		rid:{0,7}

insert pid:7 : key:90 -> keys[1]
pid:7 n:7 Max_n:9 t:5 nextPage:4 minKey:87 maxKey:279
position:0		key:87		rid:{3,0}
position:1		key:90		rid:{3,6}
position:2		key:185		rid:{0,4}
position:3		key:188		rid:{3,4}
position:4		key:239		rid:{1,0}
position:5		key:268		rid:{2,0}
position:6		key:279		rid:{0,7}


**************** Insert Key End *************************

Write to slot: (pid,sid)=(3,7)  RecordFile::RECORDS_PER_PAGE=8

************* Insert key:628 into Tree , RecordId={pid:3, sid:7} ******
insert to non leaf node pid:1 : key:628
pid:1 n:5 Max_n:12 t:6 minKey:3 maxKey:976
position:0	pid:2
position:0		key:3
position:1	pid:3
position:1		key:87
position:2	pid:7
position:2		key:361
position:3	pid:4
position:3		key:689
position:4	pid:5
position:4		key:768
position:5	pid:6

i:3

Read Leaf Node page:
pid:4 n:9 Max_n:9 t:5 nextPage:5 minKey:361 maxKey:641
position:0		key:361		rid:{0,6}
position:1		key:377		rid:{1,5}
position:2		key:422		rid:{1,2}
position:3		key:454		rid:{3,5}
position:4		key:455		rid:{2,1}
position:5		key:464		rid:{1,4}
position:6		key:520		rid:{0,2}
position:7		key:558		rid:{2,3}
position:8		key:641		rid:{3,3}

Split Child pid:4  newPid:8
pid:1 n:6 Max_n:12 t:6 minKey:3 maxKey:976
position:0	pid:2
position:0		key:3
position:1	pid:3
position:1		key:87
position:2	pid:7
position:2		key:361
position:3	pid:4
position:3		key:455
position:4	pid:8
position:4		key:689
position:5	pid:5
position:5		key:768
position:6	pid:6

pid:4 n:4 Max_n:9 t:5 nextPage:8 minKey:361 maxKey:454
position:0		key:361		rid:{0,6}
position:1		key:377		rid:{1,5}
position:2		key:422		rid:{1,2}
position:3		key:454		rid:{3,5}

pid:8 n:5 Max_n:9 t:5 nextPage:5 minKey:455 maxKey:641
position:0		key:455		rid:{2,1}
position:1		key:464		rid:{1,4}
position:2		key:520		rid:{0,2}
position:3		key:558		rid:{2,3}
position:4		key:641		rid:{3,3}

insert pid:8 : key:628 -> keys[4]
pid:8 n:6 Max_n:9 t:5 nextPage:5 minKey:455 maxKey:641
position:0		key:455		rid:{2,1}
position:1		key:464		rid:{1,4}
position:2		key:520		rid:{0,2}
position:3		key:558		rid:{2,3}
position:4		key:628		rid:{3,7}
position:5		key:641		rid:{3,3}


**************** Insert Key End *************************

Write to slot: (pid,sid)=(4,0)  RecordFile::RECORDS_PER_PAGE=8

************* Insert key:923 into Tree , RecordId={pid:4, sid:0} ******
insert to non leaf node pid:1 : key:923
pid:1 n:6 Max_n:12 t:6 minKey:3 maxKey:976
position:0	pid:2
position:0		key:3
position:1	pid:3
position:1		key:87
position:2	pid:7
position:2		key:361
position:3	pid:4
position:3		key:455
position:4	pid:8
position:4		key:689
position:5	pid:5
position:5		key:768
position:6	pid:6

i:6

Read Leaf Node page:
pid:6 n:7 Max_n:9 t:5 nextPage:-1 minKey:768 maxKey:976
position:0		key:768		rid:{2,4}
position:1		key:771		rid:{2,5}
position:2		key:778		rid:{0,1}
position:3		key:808		rid:{3,2}
position:4		key:809		rid:{0,5}
position:5		key:842		rid:{2,7}
position:6		key:976		rid:{3,1}

insert pid:6 : key:923 -> keys[6]
pid:6 n:8 Max_n:9 t:5 nextPage:-1 minKey:768 maxKey:976
position:0		key:768		rid:{2,4}
position:1		key:771		rid:{2,5}
position:2		key:778		rid:{0,1}
position:3		key:808		rid:{3,2}
position:4		key:809		rid:{0,5}
position:5		key:842		rid:{2,7}
position:6		key:923		rid:{4,0}
position:7		key:976		rid:{3,1}


**************** Insert Key End *************************

Write to slot: (pid,sid)=(4,1)  RecordFile::RECORDS_PER_PAGE=8

************* Insert key:357 into Tree , RecordId={pid:4, sid:1} ******
insert to non leaf node pid:1 : key:357
pid:1 n:6 Max_n:12 t:6 minKey:3 maxKey:976
position:0	pid:2
position:0		key:3
position:1	pid:3
position:1		key:87
position:2	pid:7
position:2		key:361
position:3	pid:4
position:3		key:455
position:4	pid:8
position:4		key:689
position:5	pid:5
position:5		key:768
position:6	pid:6

i:2

Read Leaf Node page:
pid:7 n:7 Max_n:9 t:5 nextPage:4 minKey:87 maxKey:279
position:0		key:87		rid:{3,0}
position:1		key:90		rid:{3,6}
position:2		key:185		rid:{0,4}
position:3		key:188		rid:{3,4}
position:4		key:239		rid:{1,0}
position:5		key:268		rid:{2,0}
position:6		key:279		rid:{0,7}

insert pid:7 : key:357 -> keys[7]
pid:7 n:8 Max_n:9 t:5 nextPage:4 minKey:87 maxKey:357
position:0		key:87		rid:{3,0}
position:1		key:90		rid:{3,6}
position:2		key:185		rid:{0,4}
position:3		key:188		rid:{3,4}
position:4		key:239		rid:{1,0}
position:5		key:268		rid:{2,0}
position:6		key:279		rid:{0,7}
position:7		key:357		rid:{4,1}


**************** Insert Key End *************************

Write to slot: (pid,sid)=(4,2)  RecordFile::RECORDS_PER_PAGE=8

************* Insert key:389 into Tree , RecordId={pid:4, sid:2} ******
insert to non leaf node pid:1 : key:389
pid:1 n:6 Max_n:12 t:6 minKey:3 maxKey:976
position:0	pid:2
position:0		key:3
position:1	pid:3
position:1		key:87
position:2	pid:7
position:2		key:361
position:3	pid:4
position:3		key:455
position:4	pid:8
position:4		key:689
position:5	pid:5
position:5		key:768
position:6	pid:6

i:3

Read Leaf Node page:
pid:4 n:4 Max_n:9 t:5 nextPage:8 minKey:361 maxKey:454
position:0		key:361		rid:{0,6}
position:1		key:377		rid:{1,5}
position:2		key:422		rid:{1,2}
position:3		key:454		rid:{3,5}

insert pid:4 : key:389 -> keys[2]
pid:4 n:5 Max_n:9 t:5 nextPage:8 minKey:361 maxKey:454
position:0		key:361		rid:{0,6}
position:1		key:377		rid:{1,5}
position:2		key:389		rid:{4,2}
position:3		key:422		rid:{1,2}
position:4		key:454		rid:{3,5}


**************** Insert Key End *************************

Write to slot: (pid,sid)=(4,3)  RecordFile::RECORDS_PER_PAGE=8

************* Insert key:283 into Tree , RecordId={pid:4, sid:3} ******
insert to non leaf node pid:1 : key:283
pid:1 n:6 Max_n:12 t:6 minKey:3 maxKey:976
position:0	pid:2
position:0		key:3
position:1	pid:3
position:1		key:87
position:2	pid:7
position:2		key:361
position:3	pid:4
position:3		key:455
position:4	pid:8
position:4		key:689
position:5	pid:5
position:5		key:768
position:6	pid:6

i:2

Read Leaf Node page:
pid:7 n:8 Max_n:9 t:5 nextPage:4 minKey:87 maxKey:357
position:0		key:87		rid:{3,0}
position:1		key:90		rid:{3,6}
position:2		key:185		rid:{0,4}
position:3		key:188		rid:{3,4}
position:4		key:239		rid:{1,0}
position:5		key:268		rid:{2,0}
position:6		key:279		rid:{0,7}
position:7		key:357		rid:{4,1}

insert pid:7 : key:283 -> keys[7]
pid:7 n:9 Max_n:9 t:5 nextPage:4 minKey:87 maxKey:357
position:0		key:87		rid:{3,0}
position:1		key:90		rid:{3,6}
position:2		key:185		rid:{0,4}
position:3		key:188		rid:{3,4}
position:4		key:239		rid:{1,0}
position:5		key:268		rid:{2,0}
position:6		key:279		rid:{0,7}
position:7		key:283		rid:{4,3}
position:8		key:357		rid:{4,1}


**************** Insert Key End *************************

Write to slot: (pid,sid)=(4,4)  RecordFile::RECORDS_PER_PAGE=8

************* Insert key:546 into Tree , RecordId={pid:4, sid:4} ******
insert to non leaf node pid:1 : key:546
pid:1 n:6 Max_n:12 t:6 minKey:3 maxKey:976
position:0	pid:2
position:0		key:3
position:1	pid:3
position:1		key:87
position:2	pid:7
position:2		key:361
position:3	pid:4
position:3		key:455
position:4	pid:8
position:4		key:689
position:5	pid:5
position:5		key:768
position:6	pid:6

i:4

Read Leaf Node page:
pid:8 n:6 Max_n:9 t:5 nextPage:5 minKey:455 maxKey:641
position:0		key:455		rid:{2,1}
position:1		key:464		rid:{1,4}
position:2		key:520		rid:{0,2}
position:3		key:558		rid:{2,3}
position:4		key:628		rid:{3,7}
position:5		key:641		rid:{3,3}

insert pid:8 : key:546 -> keys[3]
pid:8 n:7 Max_n:9 t:5 nextPage:5 minKey:455 maxKey:641
position:0		key:455		rid:{2,1}
position:1		key:464		rid:{1,4}
position:2		key:520		rid:{0,2}
position:3		key:546		rid:{4,4}
position:4		key:558		rid:{2,3}
position:5		key:628		rid:{3,7}
position:6		key:641		rid:{3,3}


**************** Insert Key End *************************

Write to slot: (pid,sid)=(4,5)  RecordFile::RECORDS_PER_PAGE=8

************* Insert key:18 into Tree , RecordId={pid:4, sid:5} ******
insert to non leaf node pid:1 : key:18
pid:1 n:6 Max_n:12 t:6 minKey:3 maxKey:976
position:0	pid:2
position:0		key:3
position:1	pid:3
position:1		key:87
position:2	pid:7
position:2		key:361
position:3	pid:4
position:3		key:455
position:4	pid:8
position:4		key:689
position:5	pid:5
position:5		key:768
position:6	pid:6

i:1

Read Leaf Node page:
pid:3 n:4 Max_n:9 t:5 nextPage:7 minKey:3 maxKey:68
position:0		key:3		rid:{0,0}
position:1		key:47		rid:{2,2}
position:2		key:64		rid:{1,7}
position:3		key:68		rid:{1,6}

insert pid:3 : key:18 -> keys[1]
pid:3 n:5 Max_n:9 t:5 nextPage:7 minKey:3 maxKey:68
position:0		key:3		rid:{0,0}
position:1		key:18		rid:{4,5}
position:2		key:47		rid:{2,2}
position:3		key:64		rid:{1,7}
position:4		key:68		rid:{1,6}


**************** Insert Key End *************************

Write to slot: (pid,sid)=(4,6)  RecordFile::RECORDS_PER_PAGE=8

************* Insert key:335 into Tree , RecordId={pid:4, sid:6} ******
insert to non leaf node pid:1 : key:335
pid:1 n:6 Max_n:12 t:6 minKey:3 maxKey:976
position:0	pid:2
position:0		key:3
position:1	pid:3
position:1		key:87
position:2	pid:7
position:2		key:361
position:3	pid:4
position:3		key:455
position:4	pid:8
position:4		key:689
position:5	pid:5
position:5		key:768
position:6	pid:6

i:2

Read Leaf Node page:
pid:7 n:9 Max_n:9 t:5 nextPage:4 minKey:87 maxKey:357
position:0		key:87		rid:{3,0}
position:1		key:90		rid:{3,6}
position:2		key:185		rid:{0,4}
position:3		key:188		rid:{3,4}
position:4		key:239		rid:{1,0}
position:5		key:268		rid:{2,0}
position:6		key:279		rid:{0,7}
position:7		key:283		rid:{4,3}
position:8		key:357		rid:{4,1}

Split Child pid:7  newPid:9
pid:1 n:7 Max_n:12 t:6 minKey:3 maxKey:976
position:0	pid:2
position:0		key:3
position:1	pid:3
position:1		key:87
position:2	pid:7
position:2		key:239
position:3	pid:9
position:3		key:361
position:4	pid:4
position:4		key:455
position:5	pid:8
position:5		key:689
position:6	pid:5
position:6		key:768
position:7	pid:6

pid:7 n:4 Max_n:9 t:5 nextPage:9 minKey:87 maxKey:188
position:0		key:87		rid:{3,0}
position:1		key:90		rid:{3,6}
position:2		key:185		rid:{0,4}
position:3		key:188		rid:{3,4}

pid:9 n:5 Max_n:9 t:5 nextPage:4 minKey:239 maxKey:357
position:0		key:239		rid:{1,0}
position:1		key:268		rid:{2,0}
position:2		key:279		rid:{0,7}
position:3		key:283		rid:{4,3}
position:4		key:357		rid:{4,1}

insert pid:9 : key:335 -> keys[4]
pid:9 n:6 Max_n:9 t:5 nextPage:4 minKey:239 maxKey:357
position:0		key:239		rid:{1,0}
position:1		key:268		rid:{2,0}
position:2		key:279		rid:{0,7}
position:3		key:283		rid:{4,3}
position:4		key:335		rid:{4,6}
position:5		key:357		rid:{4,1}


**************** Insert Key End *************************

Write to slot: (pid,sid)=(4,7)  RecordFile::RECORDS_PER_PAGE=8

************* Insert key:33 into Tree , RecordId={pid:4, sid:7} ******
insert to non leaf node pid:1 : key:33
pid:1 n:7 Max_n:12 t:6 minKey:3 maxKey:976
position:0	pid:2
position:0		key:3
position:1	pid:3
position:1		key:87
position:2	pid:7
position:2		key:239
position:3	pid:9
position:3		key:361
position:4	pid:4
position:4		key:455
position:5	pid:8
position:5		key:689
position:6	pid:5
position:6		key:768
position:7	pid:6

i:1

Read Leaf Node page:
pid:3 n:5 Max_n:9 t:5 nextPage:7 minKey:3 maxKey:68
position:0		key:3		rid:{0,0}
position:1		key:18		rid:{4,5}
position:2		key:47		rid:{2,2}
position:3		key:64		rid:{1,7}
position:4		key:68		rid:{1,6}

insert pid:3 : key:33 -> keys[2]
pid:3 n:6 Max_n:9 t:5 nextPage:7 minKey:3 maxKey:68
position:0		key:3		rid:{0,0}
position:1		key:18		rid:{4,5}
position:2		key:33		rid:{4,7}
position:3		key:47		rid:{2,2}
position:4		key:64		rid:{1,7}
position:5		key:68		rid:{1,6}


**************** Insert Key End *************************

Write to slot: (pid,sid)=(5,0)  RecordFile::RECORDS_PER_PAGE=8

************* Insert key:58 into Tree , RecordId={pid:5, sid:0} ******
insert to non leaf node pid:1 : key:58
pid:1 n:7 Max_n:12 t:6 minKey:3 maxKey:976
position:0	pid:2
position:0		key:3
position:1	pid:3
position:1		key:87
position:2	pid:7
position:2		key:239
position:3	pid:9
position:3		key:361
position:4	pid:4
position:4		key:455
position:5	pid:8
position:5		key:689
position:6	pid:5
position:6		key:768
position:7	pid:6

i:1

Read Leaf Node page:
pid:3 n:6 Max_n:9 t:5 nextPage:7 minKey:3 maxKey:68
position:0		key:3		rid:{0,0}
position:1		key:18		rid:{4,5}
position:2		key:33		rid:{4,7}
position:3		key:47		rid:{2,2}
position:4		key:64		rid:{1,7}
position:5		key:68		rid:{1,6}

insert pid:3 : key:58 -> keys[4]
pid:3 n:7 Max_n:9 t:5 nextPage:7 minKey:3 maxKey:68
position:0		key:3		rid:{0,0}
position:1		key:18		rid:{4,5}
position:2		key:33		rid:{4,7}
position:3		key:47		rid:{2,2}
position:4		key:58		rid:{5,0}
position:5		key:64		rid:{1,7}
position:6		key:68		rid:{1,6}


**************** Insert Key End *************************

Write to slot: (pid,sid)=(5,1)  RecordFile::RECORDS_PER_PAGE=8

************* Insert key:585 into Tree , RecordId={pid:5, sid:1} ******
insert to non leaf node pid:1 : key:585
pid:1 n:7 Max_n:12 t:6 minKey:3 maxKey:976
position:0	pid:2
position:0		key:3
position:1	pid:3
position:1		key:87
position:2	pid:7
position:2		key:239
position:3	pid:9
position:3		key:361
position:4	pid:4
position:4		key:455
position:5	pid:8
position:5		key:689
position:6	pid:5
position:6		key:768
position:7	pid:6

i:5

Read Leaf Node page:
pid:8 n:7 Max_n:9 t:5 nextPage:5 minKey:455 maxKey:641
position:0		key:455		rid:{2,1}
position:1		key:464		rid:{1,4}
position:2		key:520		rid:{0,2}
position:3		key:546		rid:{4,4}
position:4		key:558		rid:{2,3}
position:5		key:628		rid:{3,7}
position:6		key:641		rid:{3,3}

insert pid:8 : key:585 -> keys[5]
pid:8 n:8 Max_n:9 t:5 nextPage:5 minKey:455 maxKey:641
position:0		key:455		rid:{2,1}
position:1		key:464		rid:{1,4}
position:2		key:520		rid:{0,2}
position:3		key:546		rid:{4,4}
position:4		key:558		rid:{2,3}
position:5		key:585		rid:{5,1}
position:6		key:628		rid:{3,7}
position:7		key:641		rid:{3,3}


**************** Insert Key End *************************

Write to slot: (pid,sid)=(5,2)  RecordFile::RECORDS_PER_PAGE=8

************* Insert key:342 into Tree , RecordId={pid:5, sid:2} ******
insert to non leaf node pid:1 : key:342
pid:1 n:7 Max_n:12 t:6 minKey:3 maxKey:976
position:0	pid:2
position:0		key:3
position:1	pid:3
position:1		key:87
position:2	pid:7
position:2		key:239
position:3	pid:9
position:3		key:361
position:4	pid:4
position:4		key:455
position:5	pid:8
position:5		key:689
position:6	pid:5
position:6		key:768
position:7	pid:6

i:3

Read Leaf Node page:
pid:9 n:6 Max_n:9 t:5 nextPage:4 minKey:239 maxKey:357
position:0		key:239		rid:{1,0}
position:1		key:268		rid:{2,0}
position:2		key:279		rid:{0,7}
position:3		key:283		rid:{4,3}
position:4		key:335		rid:{4,6}
position:5		key:357		rid:{4,1}

insert pid:9 : key:342 -> keys[5]
pid:9 n:7 Max_n:9 t:5 nextPage:4 minKey:239 maxKey:357
position:0		key:239		rid:{1,0}
position:1		key:268		rid:{2,0}
position:2		key:279		rid:{0,7}
position:3		key:283		rid:{4,3}
position:4		key:335		rid:{4,6}
position:5		key:342		rid:{5,2}
position:6		key:357		rid:{4,1}


**************** Insert Key End *************************

Write to slot: (pid,sid)=(5,3)  RecordFile::RECORDS_PER_PAGE=8

************* Insert key:993 into Tree , RecordId={pid:5, sid:3} ******
insert to non leaf node pid:1 : key:993
pid:1 n:7 Max_n:12 t:6 minKey:3 maxKey:976
position:0	pid:2
position:0		key:3
position:1	pid:3
position:1		key:87
position:2	pid:7
position:2		key:239
position:3	pid:9
position:3		key:361
position:4	pid:4
position:4		key:455
position:5	pid:8
position:5		key:689
position:6	pid:5
position:6		key:768
position:7	pid:6

i:7

Read Leaf Node page:
pid:6 n:8 Max_n:9 t:5 nextPage:-1 minKey:768 maxKey:976
position:0		key:768		rid:{2,4}
position:1		key:771		rid:{2,5}
position:2		key:778		rid:{0,1}
position:3		key:808		rid:{3,2}
position:4		key:809		rid:{0,5}
position:5		key:842		rid:{2,7}
position:6		key:923		rid:{4,0}
position:7		key:976		rid:{3,1}

insert pid:6 : key:993 -> keys[8]
pid:6 n:9 Max_n:9 t:5 nextPage:-1 minKey:768 maxKey:993
position:0		key:768		rid:{2,4}
position:1		key:771		rid:{2,5}
position:2		key:778		rid:{0,1}
position:3		key:808		rid:{3,2}
position:4		key:809		rid:{0,5}
position:5		key:842		rid:{2,7}
position:6		key:923		rid:{4,0}
position:7		key:976		rid:{3,1}
position:8		key:993		rid:{5,3}


**************** Insert Key End *************************

Write to slot: (pid,sid)=(5,4)  RecordFile::RECORDS_PER_PAGE=8

************* Insert key:52 into Tree , RecordId={pid:5, sid:4} ******
insert to non leaf node pid:1 : key:52
pid:1 n:7 Max_n:12 t:6 minKey:3 maxKey:993
position:0	pid:2
position:0		key:3
position:1	pid:3
position:1		key:87
position:2	pid:7
position:2		key:239
position:3	pid:9
position:3		key:361
position:4	pid:4
position:4		key:455
position:5	pid:8
position:5		key:689
position:6	pid:5
position:6		key:768
position:7	pid:6

i:1

Read Leaf Node page:
pid:3 n:7 Max_n:9 t:5 nextPage:7 minKey:3 maxKey:68
position:0		key:3		rid:{0,0}
position:1		key:18		rid:{4,5}
position:2		key:33		rid:{4,7}
position:3		key:47		rid:{2,2}
position:4		key:58		rid:{5,0}
position:5		key:64		rid:{1,7}
position:6		key:68		rid:{1,6}

insert pid:3 : key:52 -> keys[4]
pid:3 n:8 Max_n:9 t:5 nextPage:7 minKey:3 maxKey:68
position:0		key:3		rid:{0,0}
position:1		key:18		rid:{4,5}
position:2		key:33		rid:{4,7}
position:3		key:47		rid:{2,2}
position:4		key:52		rid:{5,4}
position:5		key:58		rid:{5,0}
position:6		key:64		rid:{1,7}
position:7		key:68		rid:{1,6}


**************** Insert Key End *************************

Write to slot: (pid,sid)=(5,5)  RecordFile::RECORDS_PER_PAGE=8

************* Insert key:737 into Tree , RecordId={pid:5, sid:5} ******
insert to non leaf node pid:1 : key:737
pid:1 n:7 Max_n:12 t:6 minKey:3 maxKey:993
position:0	pid:2
position:0		key:3
position:1	pid:3
position:1		key:87
position:2	pid:7
position:2		key:239
position:3	pid:9
position:3		key:361
position:4	pid:4
position:4		key:455
position:5	pid:8
position:5		key:689
position:6	pid:5
position:6		key:768
position:7	pid:6

i:6

Read Leaf Node page:
pid:5 n:4 Max_n:9 t:5 nextPage:6 minKey:689 maxKey:724
position:0		key:689		rid:{1,1}
position:1		key:718		rid:{1,3}
position:2		key:722		rid:{0,3}
position:3		key:724		rid:{2,6}

insert pid:5 : key:737 -> keys[4]
pid:5 n:5 Max_n:9 t:5 nextPage:6 minKey:689 maxKey:737
position:0		key:689		rid:{1,1}
position:1		key:718		rid:{1,3}
position:2		key:722		rid:{0,3}
position:3		key:724		rid:{2,6}
position:4		key:737		rid:{5,5}


**************** Insert Key End *************************

Write to slot: (pid,sid)=(5,6)  RecordFile::RECORDS_PER_PAGE=8

************* Insert key:902 into Tree , RecordId={pid:5, sid:6} ******
insert to non leaf node pid:1 : key:902
pid:1 n:7 Max_n:12 t:6 minKey:3 maxKey:993
position:0	pid:2
position:0		key:3
position:1	pid:3
position:1		key:87
position:2	pid:7
position:2		key:239
position:3	pid:9
position:3		key:361
position:4	pid:4
position:4		key:455
position:5	pid:8
position:5		key:689
position:6	pid:5
position:6		key:768
position:7	pid:6

i:7

Read Leaf Node page:
pid:6 n:9 Max_n:9 t:5 nextPage:-1 minKey:768 maxKey:993
position:0		key:768		rid:{2,4}
position:1		key:771		rid:{2,5}
position:2		key:778		rid:{0,1}
position:3		key:808		rid:{3,2}
position:4		key:809		rid:{0,5}
position:5		key:842		rid:{2,7}
position:6		key:923		rid:{4,0}
position:7		key:976		rid:{3,1}
position:8		key:993		rid:{5,3}

Split Child pid:6  newPid:10
pid:1 n:8 Max_n:12 t:6 minKey:3 maxKey:993
position:0	pid:2
position:0		key:3
position:1	pid:3
position:1		key:87
position:2	pid:7
position:2		key:239
position:3	pid:9
position:3		key:361
position:4	pid:4
position:4		key:455
position:5	pid:8
position:5		key:689
position:6	pid:5
position:6		key:768
position:7	pid:6
position:7		key:809
position:8	pid:10

pid:6 n:4 Max_n:9 t:5 nextPage:10 minKey:768 maxKey:808
position:0		key:768		rid:{2,4}
position:1		key:771		rid:{2,5}
position:2		key:778		rid:{0,1}
position:3		key:808		rid:{3,2}

pid:10 n:5 Max_n:9 t:5 nextPage:-1 minKey:809 maxKey:993
position:0		key:809		rid:{0,5}
position:1		key:842		rid:{2,7}
position:2		key:923		rid:{4,0}
position:3		key:976		rid:{3,1}
position:4		key:993		rid:{5,3}

insert pid:10 : key:902 -> keys[2]
pid:10 n:6 Max_n:9 t:5 nextPage:-1 minKey:809 maxKey:993
position:0		key:809		rid:{0,5}
position:1		key:842		rid:{2,7}
position:2		key:902		rid:{5,6}
position:3		key:923		rid:{4,0}
position:4		key:976		rid:{3,1}
position:5		key:993		rid:{5,3}


**************** Insert Key End *************************

Write to slot: (pid,sid)=(5,7)  RecordFile::RECORDS_PER_PAGE=8

************* Insert key:448 into Tree , RecordId={pid:5, sid:7} ******
insert to non leaf node pid:1 : key:448
pid:1 n:8 Max_n:12 t:6 minKey:3 maxKey:993
position:0	pid:2
position:0		key:3
position:1	pid:3
position:1		key:87
position:2	pid:7
position:2		key:239
position:3	pid:9
position:3		key:361
position:4	pid:4
position:4		key:455
position:5	pid:8
position:5		key:689
position:6	pid:5
position:6		key:768
position:7	pid:6
position:7		key:809
position:8	pid:10

i:4

Read Leaf Node page:
pid:4 n:5 Max_n:9 t:5 nextPage:8 minKey:361 maxKey:454
position:0		key:361		rid:{0,6}
position:1		key:377		rid:{1,5}
position:2		key:389		rid:{4,2}
position:3		key:422		rid:{1,2}
position:4		key:454		rid:{3,5}

insert pid:4 : key:448 -> keys[4]
pid:4 n:6 Max_n:9 t:5 nextPage:8 minKey:361 maxKey:454
position:0		key:361		rid:{0,6}
position:1		key:377		rid:{1,5}
position:2		key:389		rid:{4,2}
position:3		key:422		rid:{1,2}
position:4		key:448		rid:{5,7}
position:5		key:454		rid:{3,5}


**************** Insert Key End *************************

Write to slot: (pid,sid)=(6,0)  RecordFile::RECORDS_PER_PAGE=8

************* Insert key:537 into Tree , RecordId={pid:6, sid:0} ******
insert to non leaf node pid:1 : key:537
pid:1 n:8 Max_n:12 t:6 minKey:3 maxKey:993
position:0	pid:2
position:0		key:3
position:1	pid:3
position:1		key:87
position:2	pid:7
position:2		key:239
position:3	pid:9
position:3		key:361
position:4	pid:4
position:4		key:455
position:5	pid:8
position:5		key:689
position:6	pid:5
position:6		key:768
position:7	pid:6
position:7		key:809
position:8	pid:10

i:5

Read Leaf Node page:
pid:8 n:8 Max_n:9 t:5 nextPage:5 minKey:455 maxKey:641
position:0		key:455		rid:{2,1}
position:1		key:464		rid:{1,4}
position:2		key:520		rid:{0,2}
position:3		key:546		rid:{4,4}
position:4		key:558		rid:{2,3}
position:5		key:585		rid:{5,1}
position:6		key:628		rid:{3,7}
position:7		key:641		rid:{3,3}

insert pid:8 : key:537 -> keys[3]
pid:8 n:9 Max_n:9 t:5 nextPage:5 minKey:455 maxKey:641
position:0		key:455		rid:{2,1}
position:1		key:464		rid:{1,4}
position:2		key:520		rid:{0,2}
position:3		key:537		rid:{6,0}
position:4		key:546		rid:{4,4}
position:5		key:558		rid:{2,3}
position:6		key:585		rid:{5,1}
position:7		key:628		rid:{3,7}
position:8		key:641		rid:{3,3}


**************** Insert Key End *************************

Write to slot: (pid,sid)=(6,1)  RecordFile::RECORDS_PER_PAGE=8

************* Insert key:675 into Tree , RecordId={pid:6, sid:1} ******
insert to non leaf node pid:1 : key:675
pid:1 n:8 Max_n:12 t:6 minKey:3 maxKey:993
position:0	pid:2
position:0		key:3
position:1	pid:3
position:1		key:87
position:2	pid:7
position:2		key:239
position:3	pid:9
position:3		key:361
position:4	pid:4
position:4		key:455
position:5	pid:8
position:5		key:689
position:6	pid:5
position:6		key:768
position:7	pid:6
position:7		key:809
position:8	pid:10

i:5

Read Leaf Node page:
pid:8 n:9 Max_n:9 t:5 nextPage:5 minKey:455 maxKey:641
position:0		key:455		rid:{2,1}
position:1		key:464		rid:{1,4}
position:2		key:520		rid:{0,2}
position:3		key:537		rid:{6,0}
position:4		key:546		rid:{4,4}
position:5		key:558		rid:{2,3}
position:6		key:585		rid:{5,1}
position:7		key:628		rid:{3,7}
position:8		key:641		rid:{3,3}

Split Child pid:8  newPid:11
pid:1 n:9 Max_n:12 t:6 minKey:3 maxKey:993
position:0	pid:2
position:0		key:3
position:1	pid:3
position:1		key:87
position:2	pid:7
position:2		key:239
position:3	pid:9
position:3		key:361
position:4	pid:4
position:4		key:455
position:5	pid:8
position:5		key:546
position:6	pid:11
position:6		key:689
position:7	pid:5
position:7		key:768
position:8	pid:6
position:8		key:809
position:9	pid:10

pid:8 n:4 Max_n:9 t:5 nextPage:11 minKey:455 maxKey:537
position:0		key:455		rid:{2,1}
position:1		key:464		rid:{1,4}
position:2		key:520		rid:{0,2}
position:3		key:537		rid:{6,0}

pid:11 n:5 Max_n:9 t:5 nextPage:5 minKey:546 maxKey:641
position:0		key:546		rid:{4,4}
position:1		key:558		rid:{2,3}
position:2		key:585		rid:{5,1}
position:3		key:628		rid:{3,7}
position:4		key:641		rid:{3,3}

insert pid:11 : key:675 -> keys[5]
pid:11 n:6 Max_n:9 t:5 nextPage:5 minKey:546 maxKey:675
position:0		key:546		rid:{4,4}
position:1		key:558		rid:{2,3}
position:2		key:585		rid:{5,1}
position:3		key:628		rid:{3,7}
position:4		key:641		rid:{3,3}
position:5		key:675		rid:{6,1}


**************** Insert Key End *************************

Write to slot: (pid,sid)=(6,2)  RecordFile::RECORDS_PER_PAGE=8

************* Insert key:913 into Tree , RecordId={pid:6, sid:2} ******
insert to non leaf node pid:1 : key:913
pid:1 n:9 Max_n:12 t:6 minKey:3 maxKey:993
position:0	pid:2
position:0		key:3
position:1	pid:3
position:1		key:87
position:2	pid:7
position:2		key:239
position:3	pid:9
position:3		key:361
position:4	pid:4
position:4		key:455
position:5	pid:8
position:5		key:546
position:6	pid:11
position:6		key:689
position:7	pid:5
position:7		key:768
position:8	pid:6
position:8		key:809
position:9	pid:10

i:9

Read Leaf Node page:
pid:10 n:6 Max_n:9 t:5 nextPage:-1 minKey:809 maxKey:993
position:0		key:809		rid:{0,5}
position:1		key:842		rid:{2,7}
position:2		key:902		rid:{5,6}
position:3		key:923		rid:{4,0}
position:4		key:976		rid:{3,1}
position:5		key:993		rid:{5,3}

insert pid:10 : key:913 -> keys[3]
pid:10 n:7 Max_n:9 t:5 nextPage:-1 minKey:809 maxKey:993
position:0		key:809		rid:{0,5}
position:1		key:842		rid:{2,7}
position:2		key:902		rid:{5,6}
position:3		key:913		rid:{6,2}
position:4		key:923		rid:{4,0}
position:5		key:976		rid:{3,1}
position:6		key:993		rid:{5,3}


**************** Insert Key End *************************

Write to slot: (pid,sid)=(6,3)  RecordFile::RECORDS_PER_PAGE=8

************* Insert key:32 into Tree , RecordId={pid:6, sid:3} ******
insert to non leaf node pid:1 : key:32
pid:1 n:9 Max_n:12 t:6 minKey:3 maxKey:993
position:0	pid:2
position:0		key:3
position:1	pid:3
position:1		key:87
position:2	pid:7
position:2		key:239
position:3	pid:9
position:3		key:361
position:4	pid:4
position:4		key:455
position:5	pid:8
position:5		key:546
position:6	pid:11
position:6		key:689
position:7	pid:5
position:7		key:768
position:8	pid:6
position:8		key:809
position:9	pid:10

i:1

Read Leaf Node page:
pid:3 n:8 Max_n:9 t:5 nextPage:7 minKey:3 maxKey:68
position:0		key:3		rid:{0,0}
position:1		key:18		rid:{4,5}
position:2		key:33		rid:{4,7}
position:3		key:47		rid:{2,2}
position:4		key:52		rid:{5,4}
position:5		key:58		rid:{5,0}
position:6		key:64		rid:{1,7}
position:7		key:68		rid:{1,6}

insert pid:3 : key:32 -> keys[2]
pid:3 n:9 Max_n:9 t:5 nextPage:7 minKey:3 maxKey:68
position:0		key:3		rid:{0,0}
position:1		key:18		rid:{4,5}
position:2		key:32		rid:{6,3}
position:3		key:33		rid:{4,7}
position:4		key:47		rid:{2,2}
position:5		key:52		rid:{5,4}
position:6		key:58		rid:{5,0}
position:7		key:64		rid:{1,7}
position:8		key:68		rid:{1,6}


**************** Insert Key End *************************

Write to slot: (pid,sid)=(6,4)  RecordFile::RECORDS_PER_PAGE=8

************* Insert key:0 into Tree , RecordId={pid:6, sid:4} ******
insert to non leaf node pid:1 : key:0
pid:1 n:9 Max_n:12 t:6 minKey:3 maxKey:993
position:0	pid:2
position:0		key:3
position:1	pid:3
position:1		key:87
position:2	pid:7
position:2		key:239
position:3	pid:9
position:3		key:361
position:4	pid:4
position:4		key:455
position:5	pid:8
position:5		key:546
position:6	pid:11
position:6		key:689
position:7	pid:5
position:7		key:768
position:8	pid:6
position:8		key:809
position:9	pid:10

i:0

Read Leaf Node page:
pid:2 n:0 Max_n:9 t:5 nextPage:3 minKey:2147483647 maxKey:-2147483648

insert pid:2 : key:0 -> keys[0]
pid:2 n:1 Max_n:9 t:5 nextPage:3 minKey:0 maxKey:0
position:0		key:0		rid:{6,4}


**************** Insert Key End *************************

Write to slot: (pid,sid)=(6,5)  RecordFile::RECORDS_PER_PAGE=8

************* Insert key:373 into Tree , RecordId={pid:6, sid:5} ******
insert to non leaf node pid:1 : key:373
pid:1 n:9 Max_n:12 t:6 minKey:0 maxKey:993
position:0	pid:2
position:0		key:3
position:1	pid:3
position:1		key:87
position:2	pid:7
position:2		key:239
position:3	pid:9
position:3		key:361
position:4	pid:4
position:4		key:455
position:5	pid:8
position:5		key:546
position:6	pid:11
position:6		key:689
position:7	pid:5
position:7		key:768
position:8	pid:6
position:8		key:809
position:9	pid:10

i:4

Read Leaf Node page:
pid:4 n:6 Max_n:9 t:5 nextPage:8 minKey:361 maxKey:454
position:0		key:361		rid:{0,6}
position:1		key:377		rid:{1,5}
position:2		key:389		rid:{4,2}
position:3		key:422		rid:{1,2}
position:4		key:448		rid:{5,7}
position:5		key:454		rid:{3,5}

insert pid:4 : key:373 -> keys[1]
pid:4 n:7 Max_n:9 t:5 nextPage:8 minKey:361 maxKey:454
position:0		key:361		rid:{0,6}
position:1		key:373		rid:{6,5}
position:2		key:377		rid:{1,5}
position:3		key:389		rid:{4,2}
position:4		key:422		rid:{1,2}
position:5		key:448		rid:{5,7}
position:6		key:454		rid:{3,5}


**************** Insert Key End *************************

Write to slot: (pid,sid)=(6,6)  RecordFile::RECORDS_PER_PAGE=8

************* Insert key:604 into Tree , RecordId={pid:6, sid:6} ******
insert to non leaf node pid:1 : key:604
pid:1 n:9 Max_n:12 t:6 minKey:0 maxKey:993
position:0	pid:2
position:0		key:3
position:1	pid:3
position:1		key:87
position:2	pid:7
position:2		key:239
position:3	pid:9
position:3		key:361
position:4	pid:4
position:4		key:455
position:5	pid:8
position:5		key:546
position:6	pid:11
position:6		key:689
position:7	pid:5
position:7		key:768
position:8	pid:6
position:8		key:809
position:9	pid:10

i:6

Read Leaf Node page:
pid:11 n:6 Max_n:9 t:5 nextPage:5 minKey:546 maxKey:675
position:0		key:546		rid:{4,4}
position:1		key:558		rid:{2,3}
position:2		key:585		rid:{5,1}
position:3		key:628		rid:{3,7}
position:4		key:641		rid:{3,3}
position:5		key:675		rid:{6,1}

insert pid:11 : key:604 -> keys[3]
pid:11 n:7 Max_n:9 t:5 nextPage:5 minKey:546 maxKey:675
position:0		key:546		rid:{4,4}
position:1		key:558		rid:{2,3}
position:2		key:585		rid:{5,1}
position:3		key:604		rid:{6,6}
position:4		key:628		rid:{3,7}
position:5		key:641		rid:{3,3}
position:6		key:675		rid:{6,1}


**************** Insert Key End *************************

Write to slot: (pid,sid)=(6,7)  RecordFile::RECORDS_PER_PAGE=8

************* Insert key:406 into Tree , RecordId={pid:6, sid:7} ******
insert to non leaf node pid:1 : key:406
pid:1 n:9 Max_n:12 t:6 minKey:0 maxKey:993
position:0	pid:2
position:0		key:3
position:1	pid:3
position:1		key:87
position:2	pid:7
position:2		key:239
position:3	pid:9
position:3		key:361
position:4	pid:4
position:4		key:455
position:5	pid:8
position:5		key:546
position:6	pid:11
position:6		key:689
position:7	pid:5
position:7		key:768
position:8	pid:6
position:8		key:809
position:9	pid:10

i:4

Read Leaf Node page:
pid:4 n:7 Max_n:9 t:5 nextPage:8 minKey:361 maxKey:454
position:0		key:361		rid:{0,6}
position:1		key:373		rid:{6,5}
position:2		key:377		rid:{1,5}
position:3		key:389		rid:{4,2}
position:4		key:422		rid:{1,2}
position:5		key:448		rid:{5,7}
position:6		key:454		rid:{3,5}

insert pid:4 : key:406 -> keys[4]
pid:4 n:8 Max_n:9 t:5 nextPage:8 minKey:361 maxKey:454
position:0		key:361		rid:{0,6}
position:1		key:373		rid:{6,5}
position:2		key:377		rid:{1,5}
position:3		key:389		rid:{4,2}
position:4		key:406		rid:{6,7}
position:5		key:422		rid:{1,2}
position:6		key:448		rid:{5,7}
position:7		key:454		rid:{3,5}


**************** Insert Key End *************************

Write to slot: (pid,sid)=(7,0)  RecordFile::RECORDS_PER_PAGE=8

************* Insert key:17 into Tree , RecordId={pid:7, sid:0} ******
insert to non leaf node pid:1 : key:17
pid:1 n:9 Max_n:12 t:6 minKey:0 maxKey:993
position:0	pid:2
position:0		key:3
position:1	pid:3
position:1		key:87
position:2	pid:7
position:2		key:239
position:3	pid:9
position:3		key:361
position:4	pid:4
position:4		key:455
position:5	pid:8
position:5		key:546
position:6	pid:11
position:6		key:689
position:7	pid:5
position:7		key:768
position:8	pid:6
position:8		key:809
position:9	pid:10

i:1

Read Leaf Node page:
pid:3 n:9 Max_n:9 t:5 nextPage:7 minKey:3 maxKey:68
position:0		key:3		rid:{0,0}
position:1		key:18		rid:{4,5}
position:2		key:32		rid:{6,3}
position:3		key:33		rid:{4,7}
position:4		key:47		rid:{2,2}
position:5		key:52		rid:{5,4}
position:6		key:58		rid:{5,0}
position:7		key:64		rid:{1,7}
position:8		key:68		rid:{1,6}

Split Child pid:3  newPid:12
pid:1 n:10 Max_n:12 t:6 minKey:0 maxKey:993
position:0	pid:2
position:0		key:3
position:1	pid:3
position:1		key:47
position:2	pid:12
position:2		key:87
position:3	pid:7
position:3		key:239
position:4	pid:9
position:4		key:361
position:5	pid:4
position:5		key:455
position:6	pid:8
position:6		key:546
position:7	pid:11
position:7		key:689
position:8	pid:5
position:8		key:768
position:9	pid:6
position:9		key:809
position:10	pid:10

pid:3 n:4 Max_n:9 t:5 nextPage:12 minKey:3 maxKey:33
position:0		key:3		rid:{0,0}
position:1		key:18		rid:{4,5}
position:2		key:32		rid:{6,3}
position:3		key:33		rid:{4,7}

pid:12 n:5 Max_n:9 t:5 nextPage:7 minKey:47 maxKey:68
position:0		key:47		rid:{2,2}
position:1		key:52		rid:{5,4}
position:2		key:58		rid:{5,0}
position:3		key:64		rid:{1,7}
position:4		key:68		rid:{1,6}

insert pid:3 : key:17 -> keys[1]
pid:3 n:5 Max_n:9 t:5 nextPage:12 minKey:3 maxKey:33
position:0		key:3		rid:{0,0}
position:1		key:17		rid:{7,0}
position:2		key:18		rid:{4,5}
position:3		key:32		rid:{6,3}
position:4		key:33		rid:{4,7}


**************** Insert Key End *************************

Write to slot: (pid,sid)=(7,1)  RecordFile::RECORDS_PER_PAGE=8

************* Insert key:540 into Tree , RecordId={pid:7, sid:1} ******
insert to non leaf node pid:1 : key:540
pid:1 n:10 Max_n:12 t:6 minKey:0 maxKey:993
position:0	pid:2
position:0		key:3
position:1	pid:3
position:1		key:47
position:2	pid:12
position:2		key:87
position:3	pid:7
position:3		key:239
position:4	pid:9
position:4		key:361
position:5	pid:4
position:5		key:455
position:6	pid:8
position:6		key:546
position:7	pid:11
position:7		key:689
position:8	pid:5
position:8		key:768
position:9	pid:6
position:9		key:809
position:10	pid:10

i:6

Read Leaf Node page:
pid:8 n:4 Max_n:9 t:5 nextPage:11 minKey:455 maxKey:537
position:0		key:455		rid:{2,1}
position:1		key:464		rid:{1,4}
position:2		key:520		rid:{0,2}
position:3		key:537		rid:{6,0}

insert pid:8 : key:540 -> keys[4]
pid:8 n:5 Max_n:9 t:5 nextPage:11 minKey:455 maxKey:540
position:0		key:455		rid:{2,1}
position:1		key:464		rid:{1,4}
position:2		key:520		rid:{0,2}
position:3		key:537		rid:{6,0}
position:4		key:540		rid:{7,1}


**************** Insert Key End *************************

Write to slot: (pid,sid)=(7,2)  RecordFile::RECORDS_PER_PAGE=8

************* Insert key:579 into Tree , RecordId={pid:7, sid:2} ******
insert to non leaf node pid:1 : key:579
pid:1 n:10 Max_n:12 t:6 minKey:0 maxKey:993
position:0	pid:2
position:0		key:3
position:1	pid:3
position:1		key:47
position:2	pid:12
position:2		key:87
position:3	pid:7
position:3		key:239
position:4	pid:9
position:4		key:361
position:5	pid:4
position:5		key:455
position:6	pid:8
position:6		key:546
position:7	pid:11
position:7		key:689
position:8	pid:5
position:8		key:768
position:9	pid:6
position:9		key:809
position:10	pid:10

i:7

Read Leaf Node page:
pid:11 n:7 Max_n:9 t:5 nextPage:5 minKey:546 maxKey:675
position:0		key:546		rid:{4,4}
position:1		key:558		rid:{2,3}
position:2		key:585		rid:{5,1}
position:3		key:604		rid:{6,6}
position:4		key:628		rid:{3,7}
position:5		key:641		rid:{3,3}
position:6		key:675		rid:{6,1}

insert pid:11 : key:579 -> keys[2]
pid:11 n:8 Max_n:9 t:5 nextPage:5 minKey:546 maxKey:675
position:0		key:546		rid:{4,4}
position:1		key:558		rid:{2,3}
position:2		key:579		rid:{7,2}
position:3		key:585		rid:{5,1}
position:4		key:604		rid:{6,6}
position:5		key:628		rid:{3,7}
position:6		key:641		rid:{3,3}
position:7		key:675		rid:{6,1}


**************** Insert Key End *************************

Write to slot: (pid,sid)=(7,3)  RecordFile::RECORDS_PER_PAGE=8

************* Insert key:825 into Tree , RecordId={pid:7, sid:3} ******
insert to non leaf node pid:1 : key:825
pid:1 n:10 Max_n:12 t:6 minKey:0 maxKey:993
position:0	pid:2
position:0		key:3
position:1	pid:3
position:1		key:47
position:2	pid:12
position:2		key:87
position:3	pid:7
position:3		key:239
position:4	pid:9
position:4		key:361
position:5	pid:4
position:5		key:455
position:6	pid:8
position:6		key:546
position:7	pid:11
position:7		key:689
position:8	pid:5
position:8		key:768
position:9	pid:6
position:9		key:809
position:10	pid:10

i:10

Read Leaf Node page:
pid:10 n:7 Max_n:9 t:5 nextPage:-1 minKey:809 maxKey:993
position:0		key:809		rid:{0,5}
position:1		key:842		rid:{2,7}
position:2		key:902		rid:{5,6}
position:3		key:913		rid:{6,2}
position:4		key:923		rid:{4,0}
position:5		key:976		rid:{3,1}
position:6		key:993		rid:{5,3}

insert pid:10 : key:825 -> keys[1]
pid:10 n:8 Max_n:9 t:5 nextPage:-1 minKey:809 maxKey:993
position:0		key:809		rid:{0,5}
position:1		key:825		rid:{7,3}
position:2		key:842		rid:{2,7}
position:3		key:902		rid:{5,6}
position:4		key:913		rid:{6,2}
position:5		key:923		rid:{4,0}
position:6		key:976		rid:{3,1}
position:7		key:993		rid:{5,3}


**************** Insert Key End *************************

Write to slot: (pid,sid)=(7,4)  RecordFile::RECORDS_PER_PAGE=8

************* Insert key:452 into Tree , RecordId={pid:7, sid:4} ******
insert to non leaf node pid:1 : key:452
pid:1 n:10 Max_n:12 t:6 minKey:0 maxKey:993
position:0	pid:2
position:0		key:3
position:1	pid:3
position:1		key:47
position:2	pid:12
position:2		key:87
position:3	pid:7
position:3		key:239
position:4	pid:9
position:4		key:361
position:5	pid:4
position:5		key:455
position:6	pid:8
position:6		key:546
position:7	pid:11
position:7		key:689
position:8	pid:5
position:8		key:768
position:9	pid:6
position:9		key:809
position:10	pid:10

i:5

Read Leaf Node page:
pid:4 n:8 Max_n:9 t:5 nextPage:8 minKey:361 maxKey:454
position:0		key:361		rid:{0,6}
position:1		key:373		rid:{6,5}
position:2		key:377		rid:{1,5}
position:3		key:389		rid:{4,2}
position:4		key:406		rid:{6,7}
position:5		key:422		rid:{1,2}
position:6		key:448		rid:{5,7}
position:7		key:454		rid:{3,5}

insert pid:4 : key:452 -> keys[7]
pid:4 n:9 Max_n:9 t:5 nextPage:8 minKey:361 maxKey:454
position:0		key:361		rid:{0,6}
position:1		key:373		rid:{6,5}
position:2		key:377		rid:{1,5}
position:3		key:389		rid:{4,2}
position:4		key:406		rid:{6,7}
position:5		key:422		rid:{1,2}
position:6		key:448		rid:{5,7}
position:7		key:452		rid:{7,4}
position:8		key:454		rid:{3,5}


**************** Insert Key End *************************

Write to slot: (pid,sid)=(7,5)  RecordFile::RECORDS_PER_PAGE=8

************* Insert key:270 into Tree , RecordId={pid:7, sid:5} ******
insert to non leaf node pid:1 : key:270
pid:1 n:10 Max_n:12 t:6 minKey:0 maxKey:993
position:0	pid:2
position:0		key:3
position:1	pid:3
position:1		key:47
position:2	pid:12
position:2		key:87
position:3	pid:7
position:3		key:239
position:4	pid:9
position:4		key:361
position:5	pid:4
position:5		key:455
position:6	pid:8
position:6		key:546
position:7	pid:11
position:7		key:689
position:8	pid:5
position:8		key:768
position:9	pid:6
position:9		key:809
position:10	pid:10

i:4

Read Leaf Node page:
pid:9 n:7 Max_n:9 t:5 nextPage:4 minKey:239 maxKey:357
position:0		key:239		rid:{1,0}
position:1		key:268		rid:{2,0}
position:2		key:279		rid:{0,7}
position:3		key:283		rid:{4,3}
position:4		key:335		rid:{4,6}
position:5		key:342		rid:{5,2}
position:6		key:357		rid:{4,1}

insert pid:9 : key:270 -> keys[2]
pid:9 n:8 Max_n:9 t:5 nextPage:4 minKey:239 maxKey:357
position:0		key:239		rid:{1,0}
position:1		key:268		rid:{2,0}
position:2		key:270		rid:{7,5}
position:3		key:279		rid:{0,7}
position:4		key:283		rid:{4,3}
position:5		key:335		rid:{4,6}
position:6		key:342		rid:{5,2}
position:7		key:357		rid:{4,1}


**************** Insert Key End *************************

Write to slot: (pid,sid)=(7,6)  RecordFile::RECORDS_PER_PAGE=8

************* Insert key:386 into Tree , RecordId={pid:7, sid:6} ******
insert to non leaf node pid:1 : key:386
pid:1 n:10 Max_n:12 t:6 minKey:0 maxKey:993
position:0	pid:2
position:0		key:3
position:1	pid:3
position:1		key:47
position:2	pid:12
position:2		key:87
position:3	pid:7
position:3		key:239
position:4	pid:9
position:4		key:361
position:5	pid:4
position:5		key:455
position:6	pid:8
position:6		key:546
position:7	pid:11
position:7		key:689
position:8	pid:5
position:8		key:768
position:9	pid:6
position:9		key:809
position:10	pid:10

i:5

Read Leaf Node page:
pid:4 n:9 Max_n:9 t:5 nextPage:8 minKey:361 maxKey:454
position:0		key:361		rid:{0,6}
position:1		key:373		rid:{6,5}
position:2		key:377		rid:{1,5}
position:3		key:389		rid:{4,2}
position:4		key:406		rid:{6,7}
position:5		key:422		rid:{1,2}
position:6		key:448		rid:{5,7}
position:7		key:452		rid:{7,4}
position:8		key:454		rid:{3,5}

Split Child pid:4  newPid:13
pid:1 n:11 Max_n:12 t:6 minKey:0 maxKey:993
position:0	pid:2
position:0		key:3
position:1	pid:3
position:1		key:47
position:2	pid:12
position:2		key:87
position:3	pid:7
position:3		key:239
position:4	pid:9
position:4		key:361
position:5	pid:4
position:5		key:406
position:6	pid:13
position:6		key:455
position:7	pid:8
position:7		key:546
position:8	pid:11
position:8		key:689
position:9	pid:5
position:9		key:768
position:10	pid:6
position:10		key:809
position:11	pid:10

pid:4 n:4 Max_n:9 t:5 nextPage:13 minKey:361 maxKey:389
position:0		key:361		rid:{0,6}
position:1		key:373		rid:{6,5}
position:2		key:377		rid:{1,5}
position:3		key:389		rid:{4,2}

pid:13 n:5 Max_n:9 t:5 nextPage:8 minKey:406 maxKey:454
position:0		key:406		rid:{6,7}
position:1		key:422		rid:{1,2}
position:2		key:448		rid:{5,7}
position:3		key:452		rid:{7,4}
position:4		key:454		rid:{3,5}

insert pid:4 : key:386 -> keys[3]
pid:4 n:5 Max_n:9 t:5 nextPage:13 minKey:361 maxKey:389
position:0		key:361		rid:{0,6}
position:1		key:373		rid:{6,5}
position:2		key:377		rid:{1,5}
position:3		key:386		rid:{7,6}
position:4		key:389		rid:{4,2}


**************** Insert Key End *************************

Write to slot: (pid,sid)=(7,7)  RecordFile::RECORDS_PER_PAGE=8

************* Insert key:598 into Tree , RecordId={pid:7, sid:7} ******
New root:14, height=2
Split Child pid:1  newPid:15
getMinKey error!!
error:-2
error
newPid != pf.endPid() error!
Bruinbase> 
WITHOUT INDEX
3 'test3'
778 'test778'
520 'test520'
722 'test722'
185 'test185'
809 'test809'
361 'test361'
279 'test279'
239 'test239'
689 'test689'
422 'test422'
718 'test718'
464 'test464'
377 'test377'
68 'test68'
64 'test64'
268 'test268'
455 'test455'
47 'test47'
558 'test558'
768 'test768'
771 'test771'
724 'test724'
842 'test842'
87 'test87'
976 'test976'
808 'test808'
641 'test641'
188 'test188'
454 'test454'
90 'test90'
628 'test628'
923 'test923'
357 'test357'
389 'test389'
283 'test283'
546 'test546'
18 'test18'
335 'test335'
33 'test33'
58 'test58'
585 'test585'
342 'test342'
993 'test993'
52 'test52'
737 'test737'
902 'test902'
448 'test448'
537 'test537'
675 'test675'
913 'test913'
32 'test32'
0 'test0'
373 'test373'
604 'test604'
406 'test406'
17 'test17'
540 'test540'
579 'test579'
825 'test825'
452 'test452'
270 'test270'
386 'test386'
598 'test598'
Bruinbase> 